[0.010s] Invoking command in '/sim_ws/src/gap_follow/build/gap_follow': CMAKE_PREFIX_PATH=${CMAKE_PREFIX_PATH}:/sim_ws/install/f1tenth_gym_ros:/opt/ros/foxy /usr/bin/cmake --build /sim_ws/src/gap_follow/build/gap_follow -- -j12 -l12
[0.042s] -- Found ament_cmake: 0.9.8 (/opt/ros/foxy/share/ament_cmake/cmake)
[0.065s] -- Using PYTHON_EXECUTABLE: /usr/bin/python3
[0.199s] -- Found rclcpp: 2.3.1 (/opt/ros/foxy/share/rclcpp/cmake)
[0.226s] -- Using all available rosidl_typesupport_c: rosidl_typesupport_fastrtps_c;rosidl_typesupport_introspection_c
[0.229s] -- Found rosidl_adapter: 1.2.1 (/opt/ros/foxy/share/rosidl_adapter/cmake)
[0.361s] -- Using all available rosidl_typesupport_cpp: rosidl_typesupport_fastrtps_cpp;rosidl_typesupport_introspection_cpp
[0.400s] -- Found rmw_implementation_cmake: 1.0.3 (/opt/ros/foxy/share/rmw_implementation_cmake/cmake)
[0.401s] -- Using RMW implementation 'rmw_fastrtps_cpp' as default
[0.521s] -- Found rclpy: 1.0.5 (/opt/ros/foxy/share/rclpy/cmake)
[0.521s] -- Found geometry_msgs: 2.0.4 (/opt/ros/foxy/share/geometry_msgs/cmake)
[0.550s] -- Found nav_msgs: 2.0.4 (/opt/ros/foxy/share/nav_msgs/cmake)
[0.608s] -- Found ackermann_msgs: 2.0.2 (/opt/ros/foxy/share/ackermann_msgs/cmake)
[0.638s] -- Found sensor_msgs: 2.0.4 (/opt/ros/foxy/share/sensor_msgs/cmake)
[0.701s] -- Found ament_lint_auto: 0.9.6 (/opt/ros/foxy/share/ament_lint_auto/cmake)
[0.764s] -- Added test 'copyright' to check source files copyright and LICENSE
[0.772s] -- Added test 'cppcheck' to perform static code analysis on C / C++ code
[0.772s] -- Configured cppcheck include dirs: /sim_ws/src/gap_follow/include
[0.772s] -- Configured cppcheck exclude dirs and/or files: 
[0.779s] -- Added test 'cpplint' to check C / C++ code against the Google style
[0.779s] -- Configured cpplint exclude dirs and/or files: 
[0.780s] -- Added test 'flake8' to check Python code syntax and style conventions
[0.782s] -- Added test 'lint_cmake' to check CMake code style
[0.783s] -- Added test 'pep257' to check Python code against some of the style conventions in PEP 257
[0.790s] -- Added test 'uncrustify' to check C / C++ code style
[0.790s] -- Configured uncrustify additional arguments: 
[0.791s] -- Added test 'xmllint' to check XML markup files
[0.793s] -- Configuring done
[0.807s] -- Generating done
[0.808s] -- Build files have been written to: /sim_ws/src/gap_follow/build/gap_follow
[0.833s] [35m[1mScanning dependencies of target gap_follow_node[0m
[0.834s] [35m[1mScanning dependencies of target gap_follow_node_basic[0m
[0.872s] [ 25%] [32mBuilding CXX object CMakeFiles/gap_follow_node.dir/src/gap_follow_node.cpp.o[0m
[0.872s] [ 50%] [32mBuilding CXX object CMakeFiles/gap_follow_node_basic.dir/src/gap_follow_node_basic.cpp.o[0m
[1.929s] [01m[K/sim_ws/src/gap_follow/src/gap_follow_node_basic.cpp:[m[K In member function ‘[01m[Kvoid ReactiveFollowGap::lidar_callback(sensor_msgs::msg::LaserScan_<std::allocator<void> >::ConstSharedPtr)[m[K’:
[1.929s] [01m[K/sim_ws/src/gap_follow/src/gap_follow_node_basic.cpp:34:79:[m[K [01;35m[Kwarning: [m[Kunused parameter ‘[01m[Kscan_msg[m[K’ [[01;35m[K-Wunused-parameter[m[K]
[1.929s]    34 | [01;35m[Kconst sensor_msgs::msg::LaserScan::ConstSharedPtr scan_msg[m[K)
[1.929s]       | [01;35m[K~~~~~~~~~~~~~~~~~~~~~~~~~~~~~~~~~~~~~~~~~~~~~~~~~~^~~~~~~~[m[K
[1.930s] 
[3.048s] [01m[K/sim_ws/src/gap_follow/src/gap_follow_node.cpp:[m[K In member function ‘[01m[Kvoid ReactiveFollowGap::lidar_callback(sensor_msgs::msg::LaserScan_<std::allocator<void> >::ConstSharedPtr)[m[K’:
[3.048s] [01m[K/sim_ws/src/gap_follow/src/gap_follow_node.cpp:185:40:[m[K [01;35m[Kwarning: [m[K‘[01m[Kgap_indicies[m[K’ may be used uninitialized in this function [[01;35m[K-Wmaybe-uninitialized[m[K]
[3.048s]   185 |             gap_indicies = [01;35m[Kfind_max_gap(gap_indicies, num_readings)[m[K;
[3.048s]       |                            [01;35m[K~~~~~~~~~~~~^~~~~~~~~~~~~~~~~~~~~~~~~~~~[m[K
[4.816s] [ 75%] [32m[1mLinking CXX executable gap_follow_node[0m
[4.908s] [100%] [32m[1mLinking CXX executable gap_follow_node_basic[0m
[5.036s] [100%] Built target gap_follow_node
[5.102s] [100%] Built target gap_follow_node_basic
[5.114s] Invoked command in '/sim_ws/src/gap_follow/build/gap_follow' returned '0': CMAKE_PREFIX_PATH=${CMAKE_PREFIX_PATH}:/sim_ws/install/f1tenth_gym_ros:/opt/ros/foxy /usr/bin/cmake --build /sim_ws/src/gap_follow/build/gap_follow -- -j12 -l12
[5.157s] Invoking command in '/sim_ws/src/gap_follow/build/gap_follow': CMAKE_PREFIX_PATH=${CMAKE_PREFIX_PATH}:/sim_ws/install/f1tenth_gym_ros:/opt/ros/foxy /usr/bin/cmake --install /sim_ws/src/gap_follow/build/gap_follow
[5.162s] -- Install configuration: ""
[5.162s] -- Installing: /sim_ws/src/gap_follow/install/gap_follow/lib/gap_follow/gap_follow_node
[5.164s] -- Set runtime path of "/sim_ws/src/gap_follow/install/gap_follow/lib/gap_follow/gap_follow_node" to ""
[5.164s] -- Installing: /sim_ws/src/gap_follow/install/gap_follow/lib/gap_follow/gap_follow_node_basic
[5.165s] -- Set runtime path of "/sim_ws/src/gap_follow/install/gap_follow/lib/gap_follow/gap_follow_node_basic" to ""
[5.165s] -- Up-to-date: /sim_ws/src/gap_follow/install/gap_follow/share/gap_follow/environment/pythonpath.sh
[5.165s] -- Installing: /sim_ws/src/gap_follow/install/gap_follow/share/gap_follow/environment/pythonpath.dsv
[5.166s] -- Up-to-date: /sim_ws/src/gap_follow/install/gap_follow/lib/python3.8/site-packages/gap_follow
[5.166s] -- Up-to-date: /sim_ws/src/gap_follow/install/gap_follow/lib/python3.8/site-packages/gap_follow/__init__.py
[5.192s] Listing '/sim_ws/src/gap_follow/install/gap_follow/lib/python3.8/site-packages/gap_follow'...
[5.195s] -- Up-to-date: /sim_ws/src/gap_follow/install/gap_follow/share/gap_follow//launch
[5.195s] -- Up-to-date: /sim_ws/src/gap_follow/install/gap_follow/share/gap_follow//launch/launch.py
[5.195s] -- Up-to-date: /sim_ws/src/gap_follow/install/gap_follow/share/ament_index/resource_index/package_run_dependencies/gap_follow
[5.195s] -- Up-to-date: /sim_ws/src/gap_follow/install/gap_follow/share/ament_index/resource_index/parent_prefix_path/gap_follow
[5.195s] -- Up-to-date: /sim_ws/src/gap_follow/install/gap_follow/share/gap_follow/environment/ament_prefix_path.sh
[5.195s] -- Installing: /sim_ws/src/gap_follow/install/gap_follow/share/gap_follow/environment/ament_prefix_path.dsv
[5.195s] -- Up-to-date: /sim_ws/src/gap_follow/install/gap_follow/share/gap_follow/environment/path.sh
[5.196s] -- Installing: /sim_ws/src/gap_follow/install/gap_follow/share/gap_follow/environment/path.dsv
[5.196s] -- Up-to-date: /sim_ws/src/gap_follow/install/gap_follow/share/gap_follow/local_setup.bash
[5.196s] -- Up-to-date: /sim_ws/src/gap_follow/install/gap_follow/share/gap_follow/local_setup.sh
[5.196s] -- Up-to-date: /sim_ws/src/gap_follow/install/gap_follow/share/gap_follow/local_setup.zsh
[5.196s] -- Installing: /sim_ws/src/gap_follow/install/gap_follow/share/gap_follow/local_setup.dsv
[5.196s] -- Installing: /sim_ws/src/gap_follow/install/gap_follow/share/gap_follow/package.dsv
[5.197s] -- Up-to-date: /sim_ws/src/gap_follow/install/gap_follow/share/ament_index/resource_index/packages/gap_follow
[5.197s] -- Up-to-date: /sim_ws/src/gap_follow/install/gap_follow/share/gap_follow/cmake/gap_followConfig.cmake
[5.197s] -- Up-to-date: /sim_ws/src/gap_follow/install/gap_follow/share/gap_follow/cmake/gap_followConfig-version.cmake
[5.197s] -- Up-to-date: /sim_ws/src/gap_follow/install/gap_follow/share/gap_follow/package.xml
[5.199s] Invoked command in '/sim_ws/src/gap_follow/build/gap_follow' returned '0': CMAKE_PREFIX_PATH=${CMAKE_PREFIX_PATH}:/sim_ws/install/f1tenth_gym_ros:/opt/ros/foxy /usr/bin/cmake --install /sim_ws/src/gap_follow/build/gap_follow
