[0.015s] Invoking command in '/sim_ws/src/gap_follow/build/gap_follow': CMAKE_PREFIX_PATH=${CMAKE_PREFIX_PATH}:/sim_ws/install/f1tenth_gym_ros:/opt/ros/foxy /usr/bin/cmake --build /sim_ws/src/gap_follow/build/gap_follow -- -j12 -l12
[0.053s] [35m[1mScanning dependencies of target gap_follow_node[0m
[0.077s] [ 50%] Built target gap_follow_node_basic
[0.081s] [ 75%] [32mBuilding CXX object CMakeFiles/gap_follow_node.dir/src/gap_follow_node.cpp.o[0m
[1.113s] [01m[K/sim_ws/src/gap_follow/src/gap_follow_node.cpp:[m[K In member function ‘[01m[Kvoid ReactiveFollowGap::lidar_callback_test(sensor_msgs::msg::LaserScan_<std::allocator<void> >::ConstSharedPtr)[m[K’:
[1.113s] [01m[K/sim_ws/src/gap_follow/src/gap_follow_node.cpp:168:84:[m[K [01;35m[Kwarning: [m[Kunused parameter ‘[01m[Kscan_msg[m[K’ [[01;35m[K-Wunused-parameter[m[K]
[1.113s]   168 |         void lidar_callback_test([01;35m[Kconst sensor_msgs::msg::LaserScan::ConstSharedPtr scan_msg[m[K)
[1.113s]       |                                  [01;35m[K~~~~~~~~~~~~~~~~~~~~~~~~~~~~~~~~~~~~~~~~~~~~~~~~~~^~~~~~~~[m[K
[4.016s] [100%] [32m[1mLinking CXX executable gap_follow_node[0m
[4.210s] [100%] Built target gap_follow_node
[4.224s] Invoked command in '/sim_ws/src/gap_follow/build/gap_follow' returned '0': CMAKE_PREFIX_PATH=${CMAKE_PREFIX_PATH}:/sim_ws/install/f1tenth_gym_ros:/opt/ros/foxy /usr/bin/cmake --build /sim_ws/src/gap_follow/build/gap_follow -- -j12 -l12
[4.264s] Invoking command in '/sim_ws/src/gap_follow/build/gap_follow': CMAKE_PREFIX_PATH=${CMAKE_PREFIX_PATH}:/sim_ws/install/f1tenth_gym_ros:/opt/ros/foxy /usr/bin/cmake --install /sim_ws/src/gap_follow/build/gap_follow
[4.272s] -- Install configuration: ""
[4.272s] -- Installing: /sim_ws/src/gap_follow/install/gap_follow/lib/gap_follow/gap_follow_node
[4.275s] -- Set runtime path of "/sim_ws/src/gap_follow/install/gap_follow/lib/gap_follow/gap_follow_node" to ""
[4.275s] -- Up-to-date: /sim_ws/src/gap_follow/install/gap_follow/lib/gap_follow/gap_follow_node_basic
[4.275s] -- Up-to-date: /sim_ws/src/gap_follow/install/gap_follow/share/gap_follow/environment/pythonpath.sh
[4.275s] -- Up-to-date: /sim_ws/src/gap_follow/install/gap_follow/share/gap_follow/environment/pythonpath.dsv
[4.275s] -- Up-to-date: /sim_ws/src/gap_follow/install/gap_follow/lib/python3.8/site-packages/gap_follow
[4.275s] -- Up-to-date: /sim_ws/src/gap_follow/install/gap_follow/lib/python3.8/site-packages/gap_follow/__init__.py
[4.302s] Listing '/sim_ws/src/gap_follow/install/gap_follow/lib/python3.8/site-packages/gap_follow'...
[4.304s] -- Up-to-date: /sim_ws/src/gap_follow/install/gap_follow/share/gap_follow//launch
[4.305s] -- Up-to-date: /sim_ws/src/gap_follow/install/gap_follow/share/gap_follow//launch/launch.py
[4.305s] -- Up-to-date: /sim_ws/src/gap_follow/install/gap_follow/share/ament_index/resource_index/package_run_dependencies/gap_follow
[4.305s] -- Up-to-date: /sim_ws/src/gap_follow/install/gap_follow/share/ament_index/resource_index/parent_prefix_path/gap_follow
[4.305s] -- Up-to-date: /sim_ws/src/gap_follow/install/gap_follow/share/gap_follow/environment/ament_prefix_path.sh
[4.306s] -- Up-to-date: /sim_ws/src/gap_follow/install/gap_follow/share/gap_follow/environment/ament_prefix_path.dsv
[4.306s] -- Up-to-date: /sim_ws/src/gap_follow/install/gap_follow/share/gap_follow/environment/path.sh
[4.306s] -- Up-to-date: /sim_ws/src/gap_follow/install/gap_follow/share/gap_follow/environment/path.dsv
[4.306s] -- Up-to-date: /sim_ws/src/gap_follow/install/gap_follow/share/gap_follow/local_setup.bash
[4.306s] -- Up-to-date: /sim_ws/src/gap_follow/install/gap_follow/share/gap_follow/local_setup.sh
[4.306s] -- Up-to-date: /sim_ws/src/gap_follow/install/gap_follow/share/gap_follow/local_setup.zsh
[4.306s] -- Up-to-date: /sim_ws/src/gap_follow/install/gap_follow/share/gap_follow/local_setup.dsv
[4.306s] -- Installing: /sim_ws/src/gap_follow/install/gap_follow/share/gap_follow/package.dsv
[4.306s] -- Up-to-date: /sim_ws/src/gap_follow/install/gap_follow/share/ament_index/resource_index/packages/gap_follow
[4.306s] -- Up-to-date: /sim_ws/src/gap_follow/install/gap_follow/share/gap_follow/cmake/gap_followConfig.cmake
[4.306s] -- Up-to-date: /sim_ws/src/gap_follow/install/gap_follow/share/gap_follow/cmake/gap_followConfig-version.cmake
[4.306s] -- Up-to-date: /sim_ws/src/gap_follow/install/gap_follow/share/gap_follow/package.xml
[4.309s] Invoked command in '/sim_ws/src/gap_follow/build/gap_follow' returned '0': CMAKE_PREFIX_PATH=${CMAKE_PREFIX_PATH}:/sim_ws/install/f1tenth_gym_ros:/opt/ros/foxy /usr/bin/cmake --install /sim_ws/src/gap_follow/build/gap_follow
