[0.243s] DEBUG:colcon:Command line arguments: ['/usr/bin/colcon', 'build']
[0.243s] DEBUG:colcon:Parsed command line arguments: Namespace(ament_cmake_args=None, base_paths=['.'], build_base='build', catkin_cmake_args=None, catkin_skip_building_tests=False, cmake_args=None, cmake_clean_cache=False, cmake_clean_first=False, cmake_force_configure=False, cmake_target=None, cmake_target_skip_unavailable=False, continue_on_error=False, event_handlers=None, executor='parallel', ignore_user_meta=False, install_base='install', log_base=None, log_level=None, main=<bound method BuildVerb.main of <colcon_core.verb.build.BuildVerb object at 0x7fef724c5fa0>>, merge_install=False, metas=['./colcon.meta'], mixin=None, mixin_files=None, mixin_verb=('build',), packages_above=None, packages_above_and_dependencies=None, packages_above_depth=None, packages_end=None, packages_ignore=None, packages_ignore_regex=None, packages_select=None, packages_select_build_failed=False, packages_select_by_dep=None, packages_select_regex=None, packages_select_test_failures=False, packages_skip=None, packages_skip_build_finished=False, packages_skip_by_dep=None, packages_skip_regex=None, packages_skip_test_passed=False, packages_skip_up_to=None, packages_start=None, packages_up_to=None, packages_up_to_regex=None, parallel_workers=12, paths=None, symlink_install=False, test_result_base=None, verb_extension=<colcon_core.verb.build.BuildVerb object at 0x7fef724c5fa0>, verb_name='build', verb_parser=<colcon_mixin.mixin.mixin_argument.MixinArgumentDecorator object at 0x7fef724515b0>)
[0.248s] Level 1:colcon.colcon_core.package_discovery:discover_packages(colcon_meta) check parameters
[0.248s] INFO:colcon.colcon_metadata.package_discovery.colcon_meta:Using configuration from '/root/.colcon/metadata/default/Gazebo.meta'
[0.249s] INFO:colcon.colcon_metadata.package_discovery.colcon_meta:Using configuration from '/root/.colcon/metadata/default/fastrtps.meta'
[0.249s] Level 1:colcon.colcon_core.package_discovery:discover_packages(recursive) check parameters
[0.249s] Level 1:colcon.colcon_core.package_discovery:discover_packages(ignore) check parameters
[0.249s] Level 1:colcon.colcon_core.package_discovery:discover_packages(path) check parameters
[0.249s] Level 1:colcon.colcon_core.package_discovery:discover_packages(colcon_meta) discover
[0.249s] Level 1:colcon.colcon_core.package_discovery:discover_packages(recursive) discover
[0.249s] INFO:colcon.colcon_core.package_discovery:Crawling recursively for packages in '/sim_ws/src/gap_follow'
[0.249s] Level 1:colcon.colcon_core.package_identification:_identify(.) by extensions ['ignore', 'ignore_ament_install']
[0.249s] Level 1:colcon.colcon_core.package_identification:_identify(.) by extension 'ignore'
[0.249s] Level 1:colcon.colcon_core.package_identification:_identify(.) by extension 'ignore_ament_install'
[0.249s] Level 1:colcon.colcon_core.package_identification:_identify(.) by extensions ['colcon_pkg']
[0.249s] Level 1:colcon.colcon_core.package_identification:_identify(.) by extension 'colcon_pkg'
[0.249s] Level 1:colcon.colcon_core.package_identification:_identify(.) by extensions ['colcon_meta']
[0.249s] Level 1:colcon.colcon_core.package_identification:_identify(.) by extension 'colcon_meta'
[0.249s] Level 1:colcon.colcon_core.package_identification:_identify(.) by extensions ['ros']
[0.249s] Level 1:colcon.colcon_core.package_identification:_identify(.) by extension 'ros'
[0.260s] DEBUG:colcon.colcon_core.package_identification:Package '.' with type 'ros.ament_cmake' and name 'gap_follow'
[0.260s] Level 1:colcon.colcon_core.package_discovery:discover_packages(recursive) using defaults
[0.260s] Level 1:colcon.colcon_core.package_discovery:discover_packages(ignore) discover
[0.261s] Level 1:colcon.colcon_core.package_discovery:discover_packages(ignore) using defaults
[0.261s] Level 1:colcon.colcon_core.package_discovery:discover_packages(path) discover
[0.261s] Level 1:colcon.colcon_core.package_discovery:discover_packages(path) using defaults
[0.275s] Level 5:colcon.colcon_core.verb:set package 'gap_follow' build argument 'cmake_args' from command line to 'None'
[0.275s] Level 5:colcon.colcon_core.verb:set package 'gap_follow' build argument 'cmake_target' from command line to 'None'
[0.275s] Level 5:colcon.colcon_core.verb:set package 'gap_follow' build argument 'cmake_target_skip_unavailable' from command line to 'False'
[0.275s] Level 5:colcon.colcon_core.verb:set package 'gap_follow' build argument 'cmake_clean_cache' from command line to 'False'
[0.275s] Level 5:colcon.colcon_core.verb:set package 'gap_follow' build argument 'cmake_clean_first' from command line to 'False'
[0.276s] Level 5:colcon.colcon_core.verb:set package 'gap_follow' build argument 'cmake_force_configure' from command line to 'False'
[0.276s] Level 5:colcon.colcon_core.verb:set package 'gap_follow' build argument 'ament_cmake_args' from command line to 'None'
[0.276s] Level 5:colcon.colcon_core.verb:set package 'gap_follow' build argument 'catkin_cmake_args' from command line to 'None'
[0.276s] Level 5:colcon.colcon_core.verb:set package 'gap_follow' build argument 'catkin_skip_building_tests' from command line to 'False'
[0.276s] DEBUG:colcon.colcon_core.verb:Building package 'gap_follow' with the following arguments: {'ament_cmake_args': None, 'build_base': '/sim_ws/src/gap_follow/build/gap_follow', 'catkin_cmake_args': None, 'catkin_skip_building_tests': False, 'cmake_args': None, 'cmake_clean_cache': False, 'cmake_clean_first': False, 'cmake_force_configure': False, 'cmake_target': None, 'cmake_target_skip_unavailable': False, 'install_base': '/sim_ws/src/gap_follow/install/gap_follow', 'merge_install': False, 'path': '/sim_ws/src/gap_follow', 'symlink_install': False, 'test_result_base': None}
[0.276s] INFO:colcon.colcon_core.executor:Executing jobs using 'parallel' executor
[0.277s] DEBUG:colcon.colcon_parallel_executor.executor.parallel:run_until_complete
[0.277s] INFO:colcon.colcon_ros.task.ament_cmake.build:Building ROS package in '/sim_ws/src/gap_follow' with build type 'ament_cmake'
[0.278s] INFO:colcon.colcon_cmake.task.cmake.build:Building CMake package in '/sim_ws/src/gap_follow'
[0.280s] INFO:colcon.colcon_core.plugin_system:Skipping extension 'colcon_core.shell.bat': Not used on non-Windows systems
[0.280s] INFO:colcon.colcon_core.shell:Skip shell extension 'powershell' for command environment: Not usable outside of PowerShell
[0.280s] DEBUG:colcon.colcon_core.shell:Skip shell extension 'dsv' for command environment
[0.282s] DEBUG:colcon.colcon_core.shell:Ignoring prefix path '/opt/ros/foxy'
[0.289s] DEBUG:colcon.colcon_core.event_handler.log_command:Invoking command in '/sim_ws/src/gap_follow/build/gap_follow': CMAKE_PREFIX_PATH=${CMAKE_PREFIX_PATH}:/sim_ws/install/f1tenth_gym_ros:/opt/ros/foxy /usr/bin/cmake --build /sim_ws/src/gap_follow/build/gap_follow -- -j12 -l12
[5.393s] DEBUG:colcon.colcon_core.event_handler.log_command:Invoked command in '/sim_ws/src/gap_follow/build/gap_follow' returned '0': CMAKE_PREFIX_PATH=${CMAKE_PREFIX_PATH}:/sim_ws/install/f1tenth_gym_ros:/opt/ros/foxy /usr/bin/cmake --build /sim_ws/src/gap_follow/build/gap_follow -- -j12 -l12
[5.435s] DEBUG:colcon.colcon_core.event_handler.log_command:Invoking command in '/sim_ws/src/gap_follow/build/gap_follow': CMAKE_PREFIX_PATH=${CMAKE_PREFIX_PATH}:/sim_ws/install/f1tenth_gym_ros:/opt/ros/foxy /usr/bin/cmake --install /sim_ws/src/gap_follow/build/gap_follow
[5.477s] Level 1:colcon.colcon_core.environment:create_environment_scripts_only(gap_follow)
[5.478s] DEBUG:colcon.colcon_core.event_handler.log_command:Invoked command in '/sim_ws/src/gap_follow/build/gap_follow' returned '0': CMAKE_PREFIX_PATH=${CMAKE_PREFIX_PATH}:/sim_ws/install/f1tenth_gym_ros:/opt/ros/foxy /usr/bin/cmake --install /sim_ws/src/gap_follow/build/gap_follow
[5.480s] Level 1:colcon.colcon_core.environment:checking '/sim_ws/src/gap_follow/install/gap_follow' for CMake module files
[5.481s] Level 1:colcon.colcon_core.environment:checking '/sim_ws/src/gap_follow/install/gap_follow' for CMake config files
[5.481s] Level 1:colcon.colcon_core.shell:create_environment_hook('gap_follow', 'cmake_prefix_path')
[5.481s] INFO:colcon.colcon_core.shell:Creating environment hook '/sim_ws/src/gap_follow/install/gap_follow/share/gap_follow/hook/cmake_prefix_path.ps1'
[5.482s] INFO:colcon.colcon_core.shell:Creating environment descriptor '/sim_ws/src/gap_follow/install/gap_follow/share/gap_follow/hook/cmake_prefix_path.dsv'
[5.482s] INFO:colcon.colcon_core.shell:Creating environment hook '/sim_ws/src/gap_follow/install/gap_follow/share/gap_follow/hook/cmake_prefix_path.sh'
[5.483s] Level 1:colcon.colcon_core.environment:checking '/sim_ws/src/gap_follow/install/gap_follow/lib'
[5.483s] Level 1:colcon.colcon_core.environment:checking '/sim_ws/src/gap_follow/install/gap_follow/bin'
[5.483s] Level 1:colcon.colcon_core.environment:checking '/sim_ws/src/gap_follow/install/gap_follow/lib/pkgconfig/gap_follow.pc'
[5.483s] Level 1:colcon.colcon_core.environment:checking '/sim_ws/src/gap_follow/install/gap_follow/lib/python3.8/site-packages'
[5.483s] Level 1:colcon.colcon_core.shell:create_environment_hook('gap_follow', 'pythonpath')
[5.484s] INFO:colcon.colcon_core.shell:Creating environment hook '/sim_ws/src/gap_follow/install/gap_follow/share/gap_follow/hook/pythonpath.ps1'
[5.484s] INFO:colcon.colcon_core.shell:Creating environment descriptor '/sim_ws/src/gap_follow/install/gap_follow/share/gap_follow/hook/pythonpath.dsv'
[5.484s] INFO:colcon.colcon_core.shell:Creating environment hook '/sim_ws/src/gap_follow/install/gap_follow/share/gap_follow/hook/pythonpath.sh'
[5.486s] INFO:colcon.colcon_core.shell:Creating package script '/sim_ws/src/gap_follow/install/gap_follow/share/gap_follow/package.ps1'
[5.486s] INFO:colcon.colcon_core.shell:Creating package descriptor '/sim_ws/src/gap_follow/install/gap_follow/share/gap_follow/package.dsv'
[5.487s] INFO:colcon.colcon_core.shell:Creating package script '/sim_ws/src/gap_follow/install/gap_follow/share/gap_follow/package.sh'
[5.488s] INFO:colcon.colcon_core.shell:Creating package script '/sim_ws/src/gap_follow/install/gap_follow/share/gap_follow/package.bash'
[5.489s] INFO:colcon.colcon_core.shell:Creating package script '/sim_ws/src/gap_follow/install/gap_follow/share/gap_follow/package.zsh'
[5.490s] Level 1:colcon.colcon_core.environment:create_file_with_runtime_dependencies(/sim_ws/src/gap_follow/install/gap_follow/share/colcon-core/packages/gap_follow)
[5.516s] Level 1:colcon.colcon_core.environment:create_environment_scripts_only(gap_follow)
[5.517s] Level 1:colcon.colcon_core.environment:checking '/sim_ws/src/gap_follow/install/gap_follow' for CMake module files
[5.518s] Level 1:colcon.colcon_core.environment:checking '/sim_ws/src/gap_follow/install/gap_follow' for CMake config files
[5.518s] Level 1:colcon.colcon_core.shell:create_environment_hook('gap_follow', 'cmake_prefix_path')
[5.519s] INFO:colcon.colcon_core.shell:Creating environment hook '/sim_ws/src/gap_follow/install/gap_follow/share/gap_follow/hook/cmake_prefix_path.ps1'
[5.520s] INFO:colcon.colcon_core.shell:Creating environment descriptor '/sim_ws/src/gap_follow/install/gap_follow/share/gap_follow/hook/cmake_prefix_path.dsv'
[5.520s] INFO:colcon.colcon_core.shell:Creating environment hook '/sim_ws/src/gap_follow/install/gap_follow/share/gap_follow/hook/cmake_prefix_path.sh'
[5.521s] Level 1:colcon.colcon_core.environment:checking '/sim_ws/src/gap_follow/install/gap_follow/lib'
[5.521s] Level 1:colcon.colcon_core.environment:checking '/sim_ws/src/gap_follow/install/gap_follow/bin'
[5.521s] Level 1:colcon.colcon_core.environment:checking '/sim_ws/src/gap_follow/install/gap_follow/lib/pkgconfig/gap_follow.pc'
[5.521s] Level 1:colcon.colcon_core.environment:checking '/sim_ws/src/gap_follow/install/gap_follow/lib/python3.8/site-packages'
[5.521s] Level 1:colcon.colcon_core.shell:create_environment_hook('gap_follow', 'pythonpath')
[5.521s] INFO:colcon.colcon_core.shell:Creating environment hook '/sim_ws/src/gap_follow/install/gap_follow/share/gap_follow/hook/pythonpath.ps1'
[5.522s] INFO:colcon.colcon_core.shell:Creating environment descriptor '/sim_ws/src/gap_follow/install/gap_follow/share/gap_follow/hook/pythonpath.dsv'
[5.522s] INFO:colcon.colcon_core.shell:Creating environment hook '/sim_ws/src/gap_follow/install/gap_follow/share/gap_follow/hook/pythonpath.sh'
[5.523s] INFO:colcon.colcon_core.shell:Creating package script '/sim_ws/src/gap_follow/install/gap_follow/share/gap_follow/package.ps1'
[5.524s] INFO:colcon.colcon_core.shell:Creating package descriptor '/sim_ws/src/gap_follow/install/gap_follow/share/gap_follow/package.dsv'
[5.524s] INFO:colcon.colcon_core.shell:Creating package script '/sim_ws/src/gap_follow/install/gap_follow/share/gap_follow/package.sh'
[5.524s] INFO:colcon.colcon_core.shell:Creating package script '/sim_ws/src/gap_follow/install/gap_follow/share/gap_follow/package.bash'
[5.525s] INFO:colcon.colcon_core.shell:Creating package script '/sim_ws/src/gap_follow/install/gap_follow/share/gap_follow/package.zsh'
[5.525s] Level 1:colcon.colcon_core.environment:create_file_with_runtime_dependencies(/sim_ws/src/gap_follow/install/gap_follow/share/colcon-core/packages/gap_follow)
[5.525s] DEBUG:colcon.colcon_parallel_executor.executor.parallel:closing loop
[5.526s] DEBUG:colcon.colcon_parallel_executor.executor.parallel:loop closed
[5.526s] DEBUG:colcon.colcon_parallel_executor.executor.parallel:run_until_complete finished with '0'
[5.526s] DEBUG:colcon.colcon_core.event_reactor:joining thread
[5.534s] INFO:colcon.colcon_core.plugin_system:Skipping extension 'colcon_notification.desktop_notification.notify_send': Could not find 'notify-send'
[5.534s] INFO:colcon.colcon_core.plugin_system:Skipping extension 'colcon_notification.desktop_notification.terminal_notifier': Not used on non-Darwin systems
[5.534s] INFO:colcon.colcon_core.plugin_system:Skipping extension 'colcon_notification.desktop_notification.win32': Not used on non-Windows systems
[5.535s] INFO:colcon.colcon_notification.desktop_notification:Sending desktop notification using 'notify2'
[5.536s] DEBUG:colcon.colcon_notification.desktop_notification.notify2:Failed to initialize notify2: org.freedesktop.DBus.Error.Spawn.ExecFailed: /usr/bin/dbus-launch terminated abnormally without any error message
[5.537s] DEBUG:colcon.colcon_core.event_reactor:joined thread
[5.537s] INFO:colcon.colcon_core.shell:Creating prefix script '/sim_ws/src/gap_follow/install/local_setup.ps1'
[5.539s] INFO:colcon.colcon_core.shell:Creating prefix util module '/sim_ws/src/gap_follow/install/_local_setup_util_ps1.py'
[5.540s] INFO:colcon.colcon_core.shell:Creating prefix chain script '/sim_ws/src/gap_follow/install/setup.ps1'
[5.543s] INFO:colcon.colcon_core.shell:Creating prefix script '/sim_ws/src/gap_follow/install/local_setup.sh'
[5.544s] INFO:colcon.colcon_core.shell:Creating prefix util module '/sim_ws/src/gap_follow/install/_local_setup_util_sh.py'
[5.544s] INFO:colcon.colcon_core.shell:Creating prefix chain script '/sim_ws/src/gap_follow/install/setup.sh'
[5.547s] INFO:colcon.colcon_core.shell:Creating prefix script '/sim_ws/src/gap_follow/install/local_setup.bash'
[5.547s] INFO:colcon.colcon_core.shell:Creating prefix chain script '/sim_ws/src/gap_follow/install/setup.bash'
[5.549s] INFO:colcon.colcon_core.shell:Creating prefix script '/sim_ws/src/gap_follow/install/local_setup.zsh'
[5.550s] INFO:colcon.colcon_core.shell:Creating prefix chain script '/sim_ws/src/gap_follow/install/setup.zsh'
