[35m[1mScanning dependencies of target gap_follow_node_basic[0m
[ 50%] Built target gap_follow_node
[ 75%] [32mBuilding CXX object CMakeFiles/gap_follow_node_basic.dir/src/gap_follow_node_basic.cpp.o[0m
[100%] [32m[1mLinking CXX executable gap_follow_node_basic[0m
[100%] Built target gap_follow_node_basic
-- Install configuration: ""
-- Installing: /sim_ws/src/gap_follow/install/gap_follow/lib/gap_follow/gap_follow_node
-- Set runtime path of "/sim_ws/src/gap_follow/install/gap_follow/lib/gap_follow/gap_follow_node" to ""
-- Installing: /sim_ws/src/gap_follow/install/gap_follow/lib/gap_follow/gap_follow_node_basic
-- Set runtime path of "/sim_ws/src/gap_follow/install/gap_follow/lib/gap_follow/gap_follow_node_basic" to ""
-- Up-to-date: /sim_ws/src/gap_follow/install/gap_follow/share/gap_follow/environment/pythonpath.sh
-- Installing: /sim_ws/src/gap_follow/install/gap_follow/share/gap_follow/environment/pythonpath.dsv
-- Up-to-date: /sim_ws/src/gap_follow/install/gap_follow/lib/python3.8/site-packages/gap_follow
-- Up-to-date: /sim_ws/src/gap_follow/install/gap_follow/lib/python3.8/site-packages/gap_follow/__init__.py
Listing '/sim_ws/src/gap_follow/install/gap_follow/lib/python3.8/site-packages/gap_follow'...
-- Up-to-date: /sim_ws/src/gap_follow/install/gap_follow/share/gap_follow//launch
-- Up-to-date: /sim_ws/src/gap_follow/install/gap_follow/share/gap_follow//launch/launch.py
-- Up-to-date: /sim_ws/src/gap_follow/install/gap_follow/share/ament_index/resource_index/package_run_dependencies/gap_follow
-- Up-to-date: /sim_ws/src/gap_follow/install/gap_follow/share/ament_index/resource_index/parent_prefix_path/gap_follow
-- Up-to-date: /sim_ws/src/gap_follow/install/gap_follow/share/gap_follow/environment/ament_prefix_path.sh
-- Installing: /sim_ws/src/gap_follow/install/gap_follow/share/gap_follow/environment/ament_prefix_path.dsv
-- Up-to-date: /sim_ws/src/gap_follow/install/gap_follow/share/gap_follow/environment/path.sh
-- Installing: /sim_ws/src/gap_follow/install/gap_follow/share/gap_follow/environment/path.dsv
-- Up-to-date: /sim_ws/src/gap_follow/install/gap_follow/share/gap_follow/local_setup.bash
-- Up-to-date: /sim_ws/src/gap_follow/install/gap_follow/share/gap_follow/local_setup.sh
-- Up-to-date: /sim_ws/src/gap_follow/install/gap_follow/share/gap_follow/local_setup.zsh
-- Installing: /sim_ws/src/gap_follow/install/gap_follow/share/gap_follow/local_setup.dsv
-- Installing: /sim_ws/src/gap_follow/install/gap_follow/share/gap_follow/package.dsv
-- Up-to-date: /sim_ws/src/gap_follow/install/gap_follow/share/ament_index/resource_index/packages/gap_follow
-- Up-to-date: /sim_ws/src/gap_follow/install/gap_follow/share/gap_follow/cmake/gap_followConfig.cmake
-- Up-to-date: /sim_ws/src/gap_follow/install/gap_follow/share/gap_follow/cmake/gap_followConfig-version.cmake
-- Up-to-date: /sim_ws/src/gap_follow/install/gap_follow/share/gap_follow/package.xml
