[0.249s] DEBUG:colcon:Command line arguments: ['/usr/bin/colcon', 'build']
[0.249s] DEBUG:colcon:Parsed command line arguments: Namespace(ament_cmake_args=None, base_paths=['.'], build_base='build', catkin_cmake_args=None, catkin_skip_building_tests=False, cmake_args=None, cmake_clean_cache=False, cmake_clean_first=False, cmake_force_configure=False, cmake_target=None, cmake_target_skip_unavailable=False, continue_on_error=False, event_handlers=None, executor='parallel', ignore_user_meta=False, install_base='install', log_base=None, log_level=None, main=<bound method BuildVerb.main of <colcon_core.verb.build.BuildVerb object at 0x7f35099f7fa0>>, merge_install=False, metas=['./colcon.meta'], mixin=None, mixin_files=None, mixin_verb=('build',), packages_above=None, packages_above_and_dependencies=None, packages_above_depth=None, packages_end=None, packages_ignore=None, packages_ignore_regex=None, packages_select=None, packages_select_build_failed=False, packages_select_by_dep=None, packages_select_regex=None, packages_select_test_failures=False, packages_skip=None, packages_skip_build_finished=False, packages_skip_by_dep=None, packages_skip_regex=None, packages_skip_test_passed=False, packages_skip_up_to=None, packages_start=None, packages_up_to=None, packages_up_to_regex=None, parallel_workers=12, paths=None, symlink_install=False, test_result_base=None, verb_extension=<colcon_core.verb.build.BuildVerb object at 0x7f35099f7fa0>, verb_name='build', verb_parser=<colcon_mixin.mixin.mixin_argument.MixinArgumentDecorator object at 0x7f3509a025b0>)
[0.253s] Level 1:colcon.colcon_core.package_discovery:discover_packages(colcon_meta) check parameters
[0.254s] INFO:colcon.colcon_metadata.package_discovery.colcon_meta:Using configuration from '/root/.colcon/metadata/default/Gazebo.meta'
[0.254s] INFO:colcon.colcon_metadata.package_discovery.colcon_meta:Using configuration from '/root/.colcon/metadata/default/fastrtps.meta'
[0.254s] Level 1:colcon.colcon_core.package_discovery:discover_packages(recursive) check parameters
[0.254s] Level 1:colcon.colcon_core.package_discovery:discover_packages(ignore) check parameters
[0.254s] Level 1:colcon.colcon_core.package_discovery:discover_packages(path) check parameters
[0.254s] Level 1:colcon.colcon_core.package_discovery:discover_packages(colcon_meta) discover
[0.254s] Level 1:colcon.colcon_core.package_discovery:discover_packages(recursive) discover
[0.254s] INFO:colcon.colcon_core.package_discovery:Crawling recursively for packages in '/sim_ws/src/gap_follow'
[0.255s] Level 1:colcon.colcon_core.package_identification:_identify(.) by extensions ['ignore', 'ignore_ament_install']
[0.255s] Level 1:colcon.colcon_core.package_identification:_identify(.) by extension 'ignore'
[0.255s] Level 1:colcon.colcon_core.package_identification:_identify(.) by extension 'ignore_ament_install'
[0.255s] Level 1:colcon.colcon_core.package_identification:_identify(.) by extensions ['colcon_pkg']
[0.255s] Level 1:colcon.colcon_core.package_identification:_identify(.) by extension 'colcon_pkg'
[0.255s] Level 1:colcon.colcon_core.package_identification:_identify(.) by extensions ['colcon_meta']
[0.255s] Level 1:colcon.colcon_core.package_identification:_identify(.) by extension 'colcon_meta'
[0.255s] Level 1:colcon.colcon_core.package_identification:_identify(.) by extensions ['ros']
[0.255s] Level 1:colcon.colcon_core.package_identification:_identify(.) by extension 'ros'
[0.266s] DEBUG:colcon.colcon_core.package_identification:Package '.' with type 'ros.ament_cmake' and name 'gap_follow'
[0.266s] Level 1:colcon.colcon_core.package_discovery:discover_packages(recursive) using defaults
[0.266s] Level 1:colcon.colcon_core.package_discovery:discover_packages(ignore) discover
[0.266s] Level 1:colcon.colcon_core.package_discovery:discover_packages(ignore) using defaults
[0.266s] Level 1:colcon.colcon_core.package_discovery:discover_packages(path) discover
[0.266s] Level 1:colcon.colcon_core.package_discovery:discover_packages(path) using defaults
[0.281s] Level 5:colcon.colcon_core.verb:set package 'gap_follow' build argument 'cmake_args' from command line to 'None'
[0.281s] Level 5:colcon.colcon_core.verb:set package 'gap_follow' build argument 'cmake_target' from command line to 'None'
[0.281s] Level 5:colcon.colcon_core.verb:set package 'gap_follow' build argument 'cmake_target_skip_unavailable' from command line to 'False'
[0.281s] Level 5:colcon.colcon_core.verb:set package 'gap_follow' build argument 'cmake_clean_cache' from command line to 'False'
[0.282s] Level 5:colcon.colcon_core.verb:set package 'gap_follow' build argument 'cmake_clean_first' from command line to 'False'
[0.282s] Level 5:colcon.colcon_core.verb:set package 'gap_follow' build argument 'cmake_force_configure' from command line to 'False'
[0.282s] Level 5:colcon.colcon_core.verb:set package 'gap_follow' build argument 'ament_cmake_args' from command line to 'None'
[0.282s] Level 5:colcon.colcon_core.verb:set package 'gap_follow' build argument 'catkin_cmake_args' from command line to 'None'
[0.282s] Level 5:colcon.colcon_core.verb:set package 'gap_follow' build argument 'catkin_skip_building_tests' from command line to 'False'
[0.282s] DEBUG:colcon.colcon_core.verb:Building package 'gap_follow' with the following arguments: {'ament_cmake_args': None, 'build_base': '/sim_ws/src/gap_follow/build/gap_follow', 'catkin_cmake_args': None, 'catkin_skip_building_tests': False, 'cmake_args': None, 'cmake_clean_cache': False, 'cmake_clean_first': False, 'cmake_force_configure': False, 'cmake_target': None, 'cmake_target_skip_unavailable': False, 'install_base': '/sim_ws/src/gap_follow/install/gap_follow', 'merge_install': False, 'path': '/sim_ws/src/gap_follow', 'symlink_install': False, 'test_result_base': None}
[0.282s] INFO:colcon.colcon_core.executor:Executing jobs using 'parallel' executor
[0.283s] DEBUG:colcon.colcon_parallel_executor.executor.parallel:run_until_complete
[0.284s] INFO:colcon.colcon_ros.task.ament_cmake.build:Building ROS package in '/sim_ws/src/gap_follow' with build type 'ament_cmake'
[0.284s] INFO:colcon.colcon_cmake.task.cmake.build:Building CMake package in '/sim_ws/src/gap_follow'
[0.287s] INFO:colcon.colcon_core.plugin_system:Skipping extension 'colcon_core.shell.bat': Not used on non-Windows systems
[0.287s] INFO:colcon.colcon_core.shell:Skip shell extension 'powershell' for command environment: Not usable outside of PowerShell
[0.287s] DEBUG:colcon.colcon_core.shell:Skip shell extension 'dsv' for command environment
[0.289s] DEBUG:colcon.colcon_core.shell:Ignoring prefix path '/opt/ros/foxy'
[0.297s] DEBUG:colcon.colcon_core.event_handler.log_command:Invoking command in '/sim_ws/src/gap_follow/build/gap_follow': CMAKE_PREFIX_PATH=${CMAKE_PREFIX_PATH}:/sim_ws/install/f1tenth_gym_ros:/opt/ros/foxy /usr/bin/cmake /sim_ws/src/gap_follow -DCMAKE_INSTALL_PREFIX=/sim_ws/src/gap_follow/install/gap_follow
[1.987s] DEBUG:colcon.colcon_core.event_handler.log_command:Invoked command in '/sim_ws/src/gap_follow/build/gap_follow' returned '0': CMAKE_PREFIX_PATH=${CMAKE_PREFIX_PATH}:/sim_ws/install/f1tenth_gym_ros:/opt/ros/foxy /usr/bin/cmake /sim_ws/src/gap_follow -DCMAKE_INSTALL_PREFIX=/sim_ws/src/gap_follow/install/gap_follow
[1.991s] DEBUG:colcon.colcon_core.event_handler.log_command:Invoking command in '/sim_ws/src/gap_follow/build/gap_follow': CMAKE_PREFIX_PATH=${CMAKE_PREFIX_PATH}:/sim_ws/install/f1tenth_gym_ros:/opt/ros/foxy /usr/bin/cmake --build /sim_ws/src/gap_follow/build/gap_follow -- -j12 -l12
[6.158s] DEBUG:colcon.colcon_core.event_handler.log_command:Invoked command in '/sim_ws/src/gap_follow/build/gap_follow' returned '0': CMAKE_PREFIX_PATH=${CMAKE_PREFIX_PATH}:/sim_ws/install/f1tenth_gym_ros:/opt/ros/foxy /usr/bin/cmake --build /sim_ws/src/gap_follow/build/gap_follow -- -j12 -l12
[6.194s] DEBUG:colcon.colcon_core.event_handler.log_command:Invoking command in '/sim_ws/src/gap_follow/build/gap_follow': CMAKE_PREFIX_PATH=${CMAKE_PREFIX_PATH}:/sim_ws/install/f1tenth_gym_ros:/opt/ros/foxy /usr/bin/cmake --install /sim_ws/src/gap_follow/build/gap_follow
[6.245s] Level 1:colcon.colcon_core.environment:create_environment_scripts_only(gap_follow)
[6.245s] DEBUG:colcon.colcon_core.event_handler.log_command:Invoked command in '/sim_ws/src/gap_follow/build/gap_follow' returned '0': CMAKE_PREFIX_PATH=${CMAKE_PREFIX_PATH}:/sim_ws/install/f1tenth_gym_ros:/opt/ros/foxy /usr/bin/cmake --install /sim_ws/src/gap_follow/build/gap_follow
[6.249s] Level 1:colcon.colcon_core.environment:checking '/sim_ws/src/gap_follow/install/gap_follow' for CMake module files
[6.249s] Level 1:colcon.colcon_core.environment:checking '/sim_ws/src/gap_follow/install/gap_follow' for CMake config files
[6.250s] Level 1:colcon.colcon_core.shell:create_environment_hook('gap_follow', 'cmake_prefix_path')
[6.250s] INFO:colcon.colcon_core.shell:Creating environment hook '/sim_ws/src/gap_follow/install/gap_follow/share/gap_follow/hook/cmake_prefix_path.ps1'
[6.251s] INFO:colcon.colcon_core.shell:Creating environment descriptor '/sim_ws/src/gap_follow/install/gap_follow/share/gap_follow/hook/cmake_prefix_path.dsv'
[6.251s] INFO:colcon.colcon_core.shell:Creating environment hook '/sim_ws/src/gap_follow/install/gap_follow/share/gap_follow/hook/cmake_prefix_path.sh'
[6.252s] Level 1:colcon.colcon_core.environment:checking '/sim_ws/src/gap_follow/install/gap_follow/lib'
[6.253s] Level 1:colcon.colcon_core.environment:checking '/sim_ws/src/gap_follow/install/gap_follow/bin'
[6.253s] Level 1:colcon.colcon_core.environment:checking '/sim_ws/src/gap_follow/install/gap_follow/lib/pkgconfig/gap_follow.pc'
[6.253s] Level 1:colcon.colcon_core.environment:checking '/sim_ws/src/gap_follow/install/gap_follow/lib/python3.8/site-packages'
[6.253s] Level 1:colcon.colcon_core.shell:create_environment_hook('gap_follow', 'pythonpath')
[6.253s] INFO:colcon.colcon_core.shell:Creating environment hook '/sim_ws/src/gap_follow/install/gap_follow/share/gap_follow/hook/pythonpath.ps1'
[6.254s] INFO:colcon.colcon_core.shell:Creating environment descriptor '/sim_ws/src/gap_follow/install/gap_follow/share/gap_follow/hook/pythonpath.dsv'
[6.254s] INFO:colcon.colcon_core.shell:Creating environment hook '/sim_ws/src/gap_follow/install/gap_follow/share/gap_follow/hook/pythonpath.sh'
[6.255s] INFO:colcon.colcon_core.shell:Creating package script '/sim_ws/src/gap_follow/install/gap_follow/share/gap_follow/package.ps1'
[6.256s] INFO:colcon.colcon_core.shell:Creating package descriptor '/sim_ws/src/gap_follow/install/gap_follow/share/gap_follow/package.dsv'
[6.256s] INFO:colcon.colcon_core.shell:Creating package script '/sim_ws/src/gap_follow/install/gap_follow/share/gap_follow/package.sh'
[6.257s] INFO:colcon.colcon_core.shell:Creating package script '/sim_ws/src/gap_follow/install/gap_follow/share/gap_follow/package.bash'
[6.258s] INFO:colcon.colcon_core.shell:Creating package script '/sim_ws/src/gap_follow/install/gap_follow/share/gap_follow/package.zsh'
[6.258s] Level 1:colcon.colcon_core.environment:create_file_with_runtime_dependencies(/sim_ws/src/gap_follow/install/gap_follow/share/colcon-core/packages/gap_follow)
[6.283s] Level 1:colcon.colcon_core.environment:create_environment_scripts_only(gap_follow)
[6.284s] Level 1:colcon.colcon_core.environment:checking '/sim_ws/src/gap_follow/install/gap_follow' for CMake module files
[6.285s] Level 1:colcon.colcon_core.environment:checking '/sim_ws/src/gap_follow/install/gap_follow' for CMake config files
[6.285s] Level 1:colcon.colcon_core.shell:create_environment_hook('gap_follow', 'cmake_prefix_path')
[6.286s] INFO:colcon.colcon_core.shell:Creating environment hook '/sim_ws/src/gap_follow/install/gap_follow/share/gap_follow/hook/cmake_prefix_path.ps1'
[6.286s] INFO:colcon.colcon_core.shell:Creating environment descriptor '/sim_ws/src/gap_follow/install/gap_follow/share/gap_follow/hook/cmake_prefix_path.dsv'
[6.287s] INFO:colcon.colcon_core.shell:Creating environment hook '/sim_ws/src/gap_follow/install/gap_follow/share/gap_follow/hook/cmake_prefix_path.sh'
[6.287s] Level 1:colcon.colcon_core.environment:checking '/sim_ws/src/gap_follow/install/gap_follow/lib'
[6.287s] Level 1:colcon.colcon_core.environment:checking '/sim_ws/src/gap_follow/install/gap_follow/bin'
[6.287s] Level 1:colcon.colcon_core.environment:checking '/sim_ws/src/gap_follow/install/gap_follow/lib/pkgconfig/gap_follow.pc'
[6.288s] Level 1:colcon.colcon_core.environment:checking '/sim_ws/src/gap_follow/install/gap_follow/lib/python3.8/site-packages'
[6.288s] Level 1:colcon.colcon_core.shell:create_environment_hook('gap_follow', 'pythonpath')
[6.288s] INFO:colcon.colcon_core.shell:Creating environment hook '/sim_ws/src/gap_follow/install/gap_follow/share/gap_follow/hook/pythonpath.ps1'
[6.289s] INFO:colcon.colcon_core.shell:Creating environment descriptor '/sim_ws/src/gap_follow/install/gap_follow/share/gap_follow/hook/pythonpath.dsv'
[6.289s] INFO:colcon.colcon_core.shell:Creating environment hook '/sim_ws/src/gap_follow/install/gap_follow/share/gap_follow/hook/pythonpath.sh'
[6.290s] INFO:colcon.colcon_core.shell:Creating package script '/sim_ws/src/gap_follow/install/gap_follow/share/gap_follow/package.ps1'
[6.290s] INFO:colcon.colcon_core.shell:Creating package descriptor '/sim_ws/src/gap_follow/install/gap_follow/share/gap_follow/package.dsv'
[6.291s] INFO:colcon.colcon_core.shell:Creating package script '/sim_ws/src/gap_follow/install/gap_follow/share/gap_follow/package.sh'
[6.291s] INFO:colcon.colcon_core.shell:Creating package script '/sim_ws/src/gap_follow/install/gap_follow/share/gap_follow/package.bash'
[6.292s] INFO:colcon.colcon_core.shell:Creating package script '/sim_ws/src/gap_follow/install/gap_follow/share/gap_follow/package.zsh'
[6.292s] Level 1:colcon.colcon_core.environment:create_file_with_runtime_dependencies(/sim_ws/src/gap_follow/install/gap_follow/share/colcon-core/packages/gap_follow)
[6.292s] DEBUG:colcon.colcon_parallel_executor.executor.parallel:closing loop
[6.293s] DEBUG:colcon.colcon_parallel_executor.executor.parallel:loop closed
[6.293s] DEBUG:colcon.colcon_parallel_executor.executor.parallel:run_until_complete finished with '0'
[6.293s] DEBUG:colcon.colcon_core.event_reactor:joining thread
[6.299s] INFO:colcon.colcon_core.plugin_system:Skipping extension 'colcon_notification.desktop_notification.notify_send': Could not find 'notify-send'
[6.299s] INFO:colcon.colcon_core.plugin_system:Skipping extension 'colcon_notification.desktop_notification.terminal_notifier': Not used on non-Darwin systems
[6.299s] INFO:colcon.colcon_core.plugin_system:Skipping extension 'colcon_notification.desktop_notification.win32': Not used on non-Windows systems
[6.299s] INFO:colcon.colcon_notification.desktop_notification:Sending desktop notification using 'notify2'
[6.302s] DEBUG:colcon.colcon_notification.desktop_notification.notify2:Failed to initialize notify2: org.freedesktop.DBus.Error.Spawn.ExecFailed: /usr/bin/dbus-launch terminated abnormally without any error message
[6.302s] DEBUG:colcon.colcon_core.event_reactor:joined thread
[6.303s] INFO:colcon.colcon_core.shell:Creating prefix script '/sim_ws/src/gap_follow/install/local_setup.ps1'
[6.304s] INFO:colcon.colcon_core.shell:Creating prefix util module '/sim_ws/src/gap_follow/install/_local_setup_util_ps1.py'
[6.305s] INFO:colcon.colcon_core.shell:Creating prefix chain script '/sim_ws/src/gap_follow/install/setup.ps1'
[6.308s] INFO:colcon.colcon_core.shell:Creating prefix script '/sim_ws/src/gap_follow/install/local_setup.sh'
[6.308s] INFO:colcon.colcon_core.shell:Creating prefix util module '/sim_ws/src/gap_follow/install/_local_setup_util_sh.py'
[6.309s] INFO:colcon.colcon_core.shell:Creating prefix chain script '/sim_ws/src/gap_follow/install/setup.sh'
[6.312s] INFO:colcon.colcon_core.shell:Creating prefix script '/sim_ws/src/gap_follow/install/local_setup.bash'
[6.313s] INFO:colcon.colcon_core.shell:Creating prefix chain script '/sim_ws/src/gap_follow/install/setup.bash'
[6.315s] INFO:colcon.colcon_core.shell:Creating prefix script '/sim_ws/src/gap_follow/install/local_setup.zsh'
[6.315s] INFO:colcon.colcon_core.shell:Creating prefix chain script '/sim_ws/src/gap_follow/install/setup.zsh'
